D:\WorkSpace\HyperGraphRAG\output_data\不寐\例一.txt
D:\WorkSpace\HyperGraphRAG\output_data\不寐\例三.txt
D:\WorkSpace\HyperGraphRAG\output_data\不寐\例二.txt
D:\WorkSpace\HyperGraphRAG\output_data\不寐\例五.txt
D:\WorkSpace\HyperGraphRAG\output_data\不寐\例四.txt
D:\WorkSpace\HyperGraphRAG\output_data\中风\例一.txt
D:\WorkSpace\HyperGraphRAG\output_data\中风\例七.txt
D:\WorkSpace\HyperGraphRAG\output_data\中风\例三.txt
D:\WorkSpace\HyperGraphRAG\output_data\中风\例九.txt
D:\WorkSpace\HyperGraphRAG\output_data\中风\例二.txt
D:\WorkSpace\HyperGraphRAG\output_data\中风\例五.txt
D:\WorkSpace\HyperGraphRAG\output_data\中风\例八.txt
D:\WorkSpace\HyperGraphRAG\output_data\中风\例六.txt
D:\WorkSpace\HyperGraphRAG\output_data\中风\例四.txt
D:\WorkSpace\HyperGraphRAG\output_data\五淋\例一.txt
D:\WorkSpace\HyperGraphRAG\output_data\五淋\例三.txt
D:\WorkSpace\HyperGraphRAG\output_data\五淋\例二.txt
D:\WorkSpace\HyperGraphRAG\output_data\五淋\例四.txt
D:\WorkSpace\HyperGraphRAG\output_data\便秘\例一.txt
D:\WorkSpace\HyperGraphRAG\output_data\便秘\例三.txt
D:\WorkSpace\HyperGraphRAG\output_data\便秘\例二.txt
D:\WorkSpace\HyperGraphRAG\output_data\便血\例一.txt
D:\WorkSpace\HyperGraphRAG\output_data\便血\例二.txt
D:\WorkSpace\HyperGraphRAG\output_data\偏风\例一.txt
D:\WorkSpace\HyperGraphRAG\output_data\内伤发热（低热）\例一.txt
D:\WorkSpace\HyperGraphRAG\output_data\内伤发热（低热）\例三.txt
D:\WorkSpace\HyperGraphRAG\output_data\内伤发热（低热）\例二.txt
D:\WorkSpace\HyperGraphRAG\output_data\内伤发热（高热）\例一.txt
D:\WorkSpace\HyperGraphRAG\output_data\内伤发热（高热）\例三.txt
D:\WorkSpace\HyperGraphRAG\output_data\内伤发热（高热）\例二.txt
D:\WorkSpace\HyperGraphRAG\output_data\反胃\例一.txt
D:\WorkSpace\HyperGraphRAG\output_data\吐血\例一.txt
D:\WorkSpace\HyperGraphRAG\output_data\吐血\例二.txt
D:\WorkSpace\HyperGraphRAG\output_data\呃逆\例一.txt
D:\WorkSpace\HyperGraphRAG\output_data\呃逆\例二.txt
D:\WorkSpace\HyperGraphRAG\output_data\呕吐\例一.txt
D:\WorkSpace\HyperGraphRAG\output_data\咳嗽\例一.txt
D:\WorkSpace\HyperGraphRAG\output_data\咳嗽\例三.txt
D:\WorkSpace\HyperGraphRAG\output_data\咳嗽\例二.txt
D:\WorkSpace\HyperGraphRAG\output_data\咳嗽\例五.txt
D:\WorkSpace\HyperGraphRAG\output_data\咳嗽\例四.txt
D:\WorkSpace\HyperGraphRAG\output_data\咳血\例一.txt
D:\WorkSpace\HyperGraphRAG\output_data\咳血\例二.txt
D:\WorkSpace\HyperGraphRAG\output_data\喘证\例一.txt
D:\WorkSpace\HyperGraphRAG\output_data\喘证\例三.txt
D:\WorkSpace\HyperGraphRAG\output_data\喘证\例二.txt
D:\WorkSpace\HyperGraphRAG\output_data\喘证\例四.txt
D:\WorkSpace\HyperGraphRAG\output_data\夜游症\例一.txt
D:\WorkSpace\HyperGraphRAG\output_data\夜游症\例二.txt
D:\WorkSpace\HyperGraphRAG\output_data\头痛\例一.txt
D:\WorkSpace\HyperGraphRAG\output_data\头痛\例三.txt
D:\WorkSpace\HyperGraphRAG\output_data\头痛\例二.txt
D:\WorkSpace\HyperGraphRAG\output_data\头痛\例五.txt
D:\WorkSpace\HyperGraphRAG\output_data\头痛\例六.txt
D:\WorkSpace\HyperGraphRAG\output_data\头痛\例四.txt
D:\WorkSpace\HyperGraphRAG\output_data\奔豚气\例一.txt
D:\WorkSpace\HyperGraphRAG\output_data\奔豚气\例二.txt
D:\WorkSpace\HyperGraphRAG\output_data\惊悸\例一.txt
D:\WorkSpace\HyperGraphRAG\output_data\惊悸\例三.txt
D:\WorkSpace\HyperGraphRAG\output_data\惊悸\例二.txt
D:\WorkSpace\HyperGraphRAG\output_data\感冒\例一.txt
D:\WorkSpace\HyperGraphRAG\output_data\感冒\例三.txt
D:\WorkSpace\HyperGraphRAG\output_data\感冒\例二.txt
D:\WorkSpace\HyperGraphRAG\output_data\感冒\例五.txt
D:\WorkSpace\HyperGraphRAG\output_data\感冒\例六.txt
D:\WorkSpace\HyperGraphRAG\output_data\感冒\例四.txt
D:\WorkSpace\HyperGraphRAG\output_data\无汗症\例一.txt
D:\WorkSpace\HyperGraphRAG\output_data\无脉症\例一.txt
D:\WorkSpace\HyperGraphRAG\output_data\水肿\例一.txt
D:\WorkSpace\HyperGraphRAG\output_data\水肿\例三.txt
D:\WorkSpace\HyperGraphRAG\output_data\水肿\例二.txt
D:\WorkSpace\HyperGraphRAG\output_data\水肿\例五.txt
D:\WorkSpace\HyperGraphRAG\output_data\水肿\例四.txt
D:\WorkSpace\HyperGraphRAG\output_data\泄泻\例一.txt
D:\WorkSpace\HyperGraphRAG\output_data\泄泻\例七.txt
D:\WorkSpace\HyperGraphRAG\output_data\泄泻\例三.txt
D:\WorkSpace\HyperGraphRAG\output_data\泄泻\例二.txt
D:\WorkSpace\HyperGraphRAG\output_data\泄泻\例五.txt
D:\WorkSpace\HyperGraphRAG\output_data\泄泻\例八.txt
D:\WorkSpace\HyperGraphRAG\output_data\泄泻\例六.txt
D:\WorkSpace\HyperGraphRAG\output_data\泄泻\例四.txt
D:\WorkSpace\HyperGraphRAG\output_data\消渴\例一.txt
D:\WorkSpace\HyperGraphRAG\output_data\消渴\例三.txt
D:\WorkSpace\HyperGraphRAG\output_data\消渴\例二.txt
D:\WorkSpace\HyperGraphRAG\output_data\消渴\例四.txt
D:\WorkSpace\HyperGraphRAG\output_data\热痹\例一.txt
D:\WorkSpace\HyperGraphRAG\output_data\热痹\例三.txt
D:\WorkSpace\HyperGraphRAG\output_data\热痹\例二.txt
D:\WorkSpace\HyperGraphRAG\output_data\疟疾\例一.txt
D:\WorkSpace\HyperGraphRAG\output_data\疟疾\例三.txt
D:\WorkSpace\HyperGraphRAG\output_data\疟疾\例二.txt
D:\WorkSpace\HyperGraphRAG\output_data\疟疾\例四.txt
D:\WorkSpace\HyperGraphRAG\output_data\痞块\例一.txt
D:\WorkSpace\HyperGraphRAG\output_data\痢疾\例一.txt
D:\WorkSpace\HyperGraphRAG\output_data\痢疾\例三.txt
D:\WorkSpace\HyperGraphRAG\output_data\痢疾\例二.txt
D:\WorkSpace\HyperGraphRAG\output_data\痰饮\例一.txt
D:\WorkSpace\HyperGraphRAG\output_data\痰饮\例七.txt
D:\WorkSpace\HyperGraphRAG\output_data\痰饮\例三.txt
D:\WorkSpace\HyperGraphRAG\output_data\痰饮\例九.txt
D:\WorkSpace\HyperGraphRAG\output_data\痰饮\例二.txt
D:\WorkSpace\HyperGraphRAG\output_data\痰饮\例五.txt
D:\WorkSpace\HyperGraphRAG\output_data\痰饮\例八.txt
D:\WorkSpace\HyperGraphRAG\output_data\痰饮\例六.txt
D:\WorkSpace\HyperGraphRAG\output_data\痰饮\例四.txt
D:\WorkSpace\HyperGraphRAG\output_data\痹证\例一.txt
D:\WorkSpace\HyperGraphRAG\output_data\痹证\例三.txt
D:\WorkSpace\HyperGraphRAG\output_data\痹证\例二.txt
D:\WorkSpace\HyperGraphRAG\output_data\痹证\例四.txt
D:\WorkSpace\HyperGraphRAG\output_data\瘘证\例一.txt
D:\WorkSpace\HyperGraphRAG\output_data\瘘证\例二.txt
D:\WorkSpace\HyperGraphRAG\output_data\癃闭\例一.txt
D:\WorkSpace\HyperGraphRAG\output_data\癃闭\例二.txt
D:\WorkSpace\HyperGraphRAG\output_data\癫痫\例一.txt
D:\WorkSpace\HyperGraphRAG\output_data\癫痫\例二.txt
D:\WorkSpace\HyperGraphRAG\output_data\盗汗\例一.txt
D:\WorkSpace\HyperGraphRAG\output_data\盗汗\例三.txt
D:\WorkSpace\HyperGraphRAG\output_data\盗汗\例二.txt
D:\WorkSpace\HyperGraphRAG\output_data\眩晕\例一.txt
D:\WorkSpace\HyperGraphRAG\output_data\眩晕\例三.txt
D:\WorkSpace\HyperGraphRAG\output_data\眩晕\例二.txt
D:\WorkSpace\HyperGraphRAG\output_data\眩晕\例四.txt
D:\WorkSpace\HyperGraphRAG\output_data\肝着\例一.txt
D:\WorkSpace\HyperGraphRAG\output_data\肢厥\例一.txt
D:\WorkSpace\HyperGraphRAG\output_data\肢厥\例二.txt
D:\WorkSpace\HyperGraphRAG\output_data\肺痈\例一.txt
D:\WorkSpace\HyperGraphRAG\output_data\肺痈\例二.txt
D:\WorkSpace\HyperGraphRAG\output_data\胁痛\例一.txt
D:\WorkSpace\HyperGraphRAG\output_data\胁痛\例三.txt
D:\WorkSpace\HyperGraphRAG\output_data\胁痛\例二.txt
D:\WorkSpace\HyperGraphRAG\output_data\胁痛\例四.txt
D:\WorkSpace\HyperGraphRAG\output_data\胸痛\例一.txt
D:\WorkSpace\HyperGraphRAG\output_data\胸痛\例二.txt
D:\WorkSpace\HyperGraphRAG\output_data\蓄血证\例一.txt
D:\WorkSpace\HyperGraphRAG\output_data\蓄血证\例二.txt
D:\WorkSpace\HyperGraphRAG\output_data\虚损\例一.txt
D:\WorkSpace\HyperGraphRAG\output_data\虚损\例三.txt
D:\WorkSpace\HyperGraphRAG\output_data\虚损\例二.txt
D:\WorkSpace\HyperGraphRAG\output_data\虚损\例五.txt
D:\WorkSpace\HyperGraphRAG\output_data\虚损\例四.txt
D:\WorkSpace\HyperGraphRAG\output_data\血痹\例一.txt
D:\WorkSpace\HyperGraphRAG\output_data\血痹\例二.txt
D:\WorkSpace\HyperGraphRAG\output_data\衄血\例一.txt
D:\WorkSpace\HyperGraphRAG\output_data\衄血\例三.txt
D:\WorkSpace\HyperGraphRAG\output_data\衄血\例二.txt
D:\WorkSpace\HyperGraphRAG\output_data\衄血\例五.txt
D:\WorkSpace\HyperGraphRAG\output_data\衄血\例四.txt
D:\WorkSpace\HyperGraphRAG\output_data\阳强\例一.txt
D:\WorkSpace\HyperGraphRAG\output_data\阳强\例二.txt
D:\WorkSpace\HyperGraphRAG\output_data\阳萎\例一.txt
D:\WorkSpace\HyperGraphRAG\output_data\阳萎\例二.txt
D:\WorkSpace\HyperGraphRAG\output_data\颤抖\例一.txt
D:\WorkSpace\HyperGraphRAG\output_data\颤抖\例二.txt
D:\WorkSpace\HyperGraphRAG\output_data\黄疸\例一.txt
D:\WorkSpace\HyperGraphRAG\output_data\黄疸\例三.txt
D:\WorkSpace\HyperGraphRAG\output_data\黄疸\例二.txt
D:\WorkSpace\HyperGraphRAG\output_data\黄疸\例五.txt
D:\WorkSpace\HyperGraphRAG\output_data\黄疸\例六.txt
D:\WorkSpace\HyperGraphRAG\output_data\黄疸\例四.txt
D:\WorkSpace\HyperGraphRAG\output_data\黑疸\例一.txt
D:\WorkSpace\HyperGraphRAG\output_data\黑疸\例二.txt
D:\WorkSpace\HyperGraphRAG\output_data\鼓胀\例一.txt
D:\WorkSpace\HyperGraphRAG\output_data\鼓胀\例三.txt
D:\WorkSpace\HyperGraphRAG\output_data\鼓胀\例二.txt
D:\WorkSpace\HyperGraphRAG\output_data\鼓胀\例四.txt
